This file contains any messages produced by compilers while
running configure, to aid debugging if configure makes a mistake.

It was created by mtgl configure 1.1.1, which was
generated by GNU Autoconf 2.68.  Invocation command line was

  $ ./configure --with-openmp --prefix=/home/rmccoll/projects/graphdb-testing/lib/mtgl/build

## --------- ##
## Platform. ##
## --------- ##

hostname = pastec.gtri.gatech.edu
uname -m = x86_64
uname -r = 2.6.38.6-26.rc1.fc15.x86_64
uname -s = Linux
uname -v = #1 SMP Mon May 9 20:45:15 UTC 2011

/usr/bin/uname -p = unknown
/bin/uname -X     = unknown

/bin/arch              = x86_64
/usr/bin/arch -k       = unknown
/usr/convex/getsysinfo = unknown
/usr/bin/hostinfo      = unknown
/bin/machine           = unknown
/usr/bin/oslevel       = unknown
/bin/universe          = unknown

PATH: /home/rmccoll/java/bin
PATH: /usr/lib64/openmpi/bin
PATH: /home/rmccoll/bin/Python-2.4
PATH: /export1/local/4.1/cuda/bin
PATH: /usr/local/cuda/bin
PATH: /usr/local/bin
PATH: /bin
PATH: /usr/bin
PATH: /usr/local/sbin
PATH: /usr/sbin
PATH: /sbin
PATH: /home/rmccoll/bin
PATH: /home/rmccoll/bin


## ----------- ##
## Core tests. ##
## ----------- ##

configure:2294: checking for a BSD-compatible install
configure:2362: result: /usr/bin/install -c
configure:2373: checking whether build environment is sane
configure:2423: result: yes
configure:2564: checking for a thread-safe mkdir -p
configure:2603: result: /bin/mkdir -p
configure:2616: checking for gawk
configure:2632: found /bin/gawk
configure:2643: result: gawk
configure:2654: checking whether make sets $(MAKE)
configure:2676: result: yes
configure:2742: checking how to create a pax tar archive
configure:2755: tar --version
tar (GNU tar) 1.26
Copyright (C) 2011 Free Software Foundation, Inc.
License GPLv3+: GNU GPL version 3 or later <http://gnu.org/licenses/gpl.html>.
This is free software: you are free to change and redistribute it.
There is NO WARRANTY, to the extent permitted by law.

Written by John Gilmore and Jay Fenlason.
configure:2758: $? = 0
configure:2798: tardir=conftest.dir && eval tar --format=posix -chf - "$tardir" >conftest.tar
configure:2801: $? = 0
configure:2805: tar -xf - <conftest.tar
configure:2808: $? = 0
configure:2821: result: gnutar
configure:2839: checking whether make supports nested variables
configure:2856: result: yes
configure:2884: checking build system type
configure:2898: result: x86_64-unknown-linux-gnu
configure:2918: checking host system type
configure:2931: result: x86_64-unknown-linux-gnu
configure:3199: checking for cc
configure:3215: found /usr/bin/cc
configure:3226: result: cc
configure:3257: checking for C compiler version
configure:3266: cc --version >&5
cc (GCC) 4.6.3 20120306 (Red Hat 4.6.3-2)
Copyright (C) 2011 Free Software Foundation, Inc.
This is free software; see the source for copying conditions.  There is NO
warranty; not even for MERCHANTABILITY or FITNESS FOR A PARTICULAR PURPOSE.

configure:3277: $? = 0
configure:3266: cc -v >&5
Using built-in specs.
COLLECT_GCC=cc
COLLECT_LTO_WRAPPER=/usr/libexec/gcc/x86_64-redhat-linux/4.6.3/lto-wrapper
Target: x86_64-redhat-linux
Configured with: ../configure --prefix=/usr --mandir=/usr/share/man --infodir=/usr/share/info --with-bugurl=http://bugzilla.redhat.com/bugzilla --enable-bootstrap --enable-shared --enable-threads=posix --enable-checking=release --with-system-zlib --enable-__cxa_atexit --disable-libunwind-exceptions --enable-gnu-unique-object --enable-linker-build-id --enable-languages=c,c++,objc,obj-c++,java,fortran,ada,go,lto --enable-plugin --enable-java-awt=gtk --disable-dssi --with-java-home=/usr/lib/jvm/java-1.5.0-gcj-1.5.0.0/jre --enable-libgcj-multifile --enable-java-maintainer-mode --with-ecj-jar=/usr/share/java/eclipse-ecj.jar --disable-libjava-multilib --with-ppl --with-cloog --with-tune=generic --with-arch_32=i686 --build=x86_64-redhat-linux
Thread model: posix
gcc version 4.6.3 20120306 (Red Hat 4.6.3-2) (GCC) 
configure:3277: $? = 0
configure:3266: cc -V >&5
cc: error: unrecognized option '-V'
cc: fatal error: no input files
compilation terminated.
configure:3277: $? = 4
configure:3266: cc -qversion >&5
cc: error: unrecognized option '-qversion'
cc: fatal error: no input files
compilation terminated.
configure:3277: $? = 4
configure:3297: checking whether the C compiler works
configure:3319: cc    conftest.c  >&5
configure:3323: $? = 0
configure:3371: result: yes
configure:3374: checking for C compiler default output file name
configure:3376: result: a.out
configure:3382: checking for suffix of executables
configure:3389: cc -o conftest    conftest.c  >&5
configure:3393: $? = 0
configure:3415: result: 
configure:3437: checking whether we are cross compiling
configure:3445: cc -o conftest    conftest.c  >&5
configure:3449: $? = 0
configure:3456: ./conftest
configure:3460: $? = 0
configure:3475: result: no
configure:3480: checking for suffix of object files
configure:3502: cc -c   conftest.c >&5
configure:3506: $? = 0
configure:3527: result: o
configure:3531: checking whether we are using the GNU C compiler
configure:3550: cc -c   conftest.c >&5
configure:3550: $? = 0
configure:3559: result: yes
configure:3568: checking whether cc accepts -g
configure:3588: cc -c -g  conftest.c >&5
configure:3588: $? = 0
configure:3629: result: yes
configure:3646: checking for cc option to accept ISO C89
configure:3710: cc  -c   conftest.c >&5
configure:3710: $? = 0
configure:3723: result: none needed
configure:3754: checking for style of include used by make
configure:3782: result: GNU
configure:3808: checking dependency style of cc
configure:3919: result: gcc3
configure:3938: checking whether cc understands -c and -o together
configure:3966: cc -c conftest.c -o conftest2.o >&5
configure:3970: $? = 0
configure:3976: cc -c conftest.c -o conftest2.o >&5
configure:3980: $? = 0
configure:4035: result: yes
configure:4103: checking for c++
configure:4119: found /usr/bin/c++
configure:4130: result: c++
configure:4157: checking for C++ compiler version
configure:4166: c++ --version >&5
c++ (GCC) 4.6.3 20120306 (Red Hat 4.6.3-2)
Copyright (C) 2011 Free Software Foundation, Inc.
This is free software; see the source for copying conditions.  There is NO
warranty; not even for MERCHANTABILITY or FITNESS FOR A PARTICULAR PURPOSE.

configure:4177: $? = 0
configure:4166: c++ -v >&5
Using built-in specs.
COLLECT_GCC=c++
COLLECT_LTO_WRAPPER=/usr/libexec/gcc/x86_64-redhat-linux/4.6.3/lto-wrapper
Target: x86_64-redhat-linux
Configured with: ../configure --prefix=/usr --mandir=/usr/share/man --infodir=/usr/share/info --with-bugurl=http://bugzilla.redhat.com/bugzilla --enable-bootstrap --enable-shared --enable-threads=posix --enable-checking=release --with-system-zlib --enable-__cxa_atexit --disable-libunwind-exceptions --enable-gnu-unique-object --enable-linker-build-id --enable-languages=c,c++,objc,obj-c++,java,fortran,ada,go,lto --enable-plugin --enable-java-awt=gtk --disable-dssi --with-java-home=/usr/lib/jvm/java-1.5.0-gcj-1.5.0.0/jre --enable-libgcj-multifile --enable-java-maintainer-mode --with-ecj-jar=/usr/share/java/eclipse-ecj.jar --disable-libjava-multilib --with-ppl --with-cloog --with-tune=generic --with-arch_32=i686 --build=x86_64-redhat-linux
Thread model: posix
gcc version 4.6.3 20120306 (Red Hat 4.6.3-2) (GCC) 
configure:4177: $? = 0
configure:4166: c++ -V >&5
c++: error: unrecognized option '-V'
c++: fatal error: no input files
compilation terminated.
configure:4177: $? = 4
configure:4166: c++ -qversion >&5
c++: error: unrecognized option '-qversion'
c++: fatal error: no input files
compilation terminated.
configure:4177: $? = 4
configure:4181: checking whether we are using the GNU C++ compiler
configure:4200: c++ -c   conftest.cpp >&5
configure:4200: $? = 0
configure:4209: result: yes
configure:4218: checking whether c++ accepts -g
configure:4238: c++ -c -g  conftest.cpp >&5
configure:4238: $? = 0
configure:4279: result: yes
configure:4304: checking dependency style of c++
configure:4415: result: gcc3
configure:4435: checking how to run the C preprocessor
configure:4466: cc -E  conftest.c
configure:4466: $? = 0
configure:4480: cc -E  conftest.c
conftest.c:9:28: fatal error: ac_nonexistent.h: No such file or directory
compilation terminated.
configure:4480: $? = 1
configure: failed program was:
| /* confdefs.h */
| #define PACKAGE_NAME "mtgl"
| #define PACKAGE_TARNAME "mtgl"
| #define PACKAGE_VERSION "1.1.1"
| #define PACKAGE_STRING "mtgl 1.1.1"
| #define PACKAGE_BUGREPORT "gemacke@sandia.gov"
| #define PACKAGE_URL "https://software.sandia.gov/trac/mtgl/wiki"
| /* end confdefs.h.  */
| #include <ac_nonexistent.h>
configure:4505: result: cc -E
configure:4525: cc -E  conftest.c
configure:4525: $? = 0
configure:4539: cc -E  conftest.c
conftest.c:9:28: fatal error: ac_nonexistent.h: No such file or directory
compilation terminated.
configure:4539: $? = 1
configure: failed program was:
| /* confdefs.h */
| #define PACKAGE_NAME "mtgl"
| #define PACKAGE_TARNAME "mtgl"
| #define PACKAGE_VERSION "1.1.1"
| #define PACKAGE_STRING "mtgl 1.1.1"
| #define PACKAGE_BUGREPORT "gemacke@sandia.gov"
| #define PACKAGE_URL "https://software.sandia.gov/trac/mtgl/wiki"
| /* end confdefs.h.  */
| #include <ac_nonexistent.h>
configure:4568: checking whether ln -s works
configure:4572: result: yes
configure:4584: checking whether targeting MTA/XMT
configure:4600: cc -c   conftest.c >&5
conftest.c: In function 'main':
conftest.c:13:9: error: '__MTA__' undeclared (first use in this function)
conftest.c:13:9: note: each undeclared identifier is reported only once for each function it appears in
configure:4600: $? = 1
configure: failed program was:
| /* confdefs.h */
| #define PACKAGE_NAME "mtgl"
| #define PACKAGE_TARNAME "mtgl"
| #define PACKAGE_VERSION "1.1.1"
| #define PACKAGE_STRING "mtgl 1.1.1"
| #define PACKAGE_BUGREPORT "gemacke@sandia.gov"
| #define PACKAGE_URL "https://software.sandia.gov/trac/mtgl/wiki"
| /* end confdefs.h.  */
| 
| int
| main ()
| {
|  return __MTA__;
|   ;
|   return 0;
| }
configure:4607: result: no
configure:4619: checking whether on OS X
configure:4635: cc -c   conftest.c >&5
conftest.c: In function 'main':
conftest.c:13:9: error: '__APPLE__' undeclared (first use in this function)
conftest.c:13:9: note: each undeclared identifier is reported only once for each function it appears in
configure:4635: $? = 1
configure: failed program was:
| /* confdefs.h */
| #define PACKAGE_NAME "mtgl"
| #define PACKAGE_TARNAME "mtgl"
| #define PACKAGE_VERSION "1.1.1"
| #define PACKAGE_STRING "mtgl 1.1.1"
| #define PACKAGE_BUGREPORT "gemacke@sandia.gov"
| #define PACKAGE_URL "https://software.sandia.gov/trac/mtgl/wiki"
| /* end confdefs.h.  */
| 
| int
| main ()
| {
|  return __APPLE__;
|   ;
|   return 0;
| }
configure:4642: result: no
configure:4670: checking for library containing sin
configure:4701: cc -o conftest -O2   conftest.c  -lrt >&5
conftest.c:16:6: warning: conflicting types for built-in function 'sin' [enabled by default]
/tmp/ccdhU7mo.o: In function `main':
conftest.c:(.text.startup+0x7): undefined reference to `sin'
collect2: ld returned 1 exit status
configure:4701: $? = 1
configure: failed program was:
| /* confdefs.h */
| #define PACKAGE_NAME "mtgl"
| #define PACKAGE_TARNAME "mtgl"
| #define PACKAGE_VERSION "1.1.1"
| #define PACKAGE_STRING "mtgl 1.1.1"
| #define PACKAGE_BUGREPORT "gemacke@sandia.gov"
| #define PACKAGE_URL "https://software.sandia.gov/trac/mtgl/wiki"
| /* end confdefs.h.  */
| 
| /* Override any GCC internal prototype to avoid an error.
|    Use char because int might match the return type of a GCC
|    builtin and then its argument prototype would still apply.  */
| #ifdef __cplusplus
| extern "C"
| #endif
| char sin ();
| int
| main ()
| {
| return sin ();
|   ;
|   return 0;
| }
configure:4701: cc -o conftest -O2   conftest.c -lm   -lrt >&5
conftest.c:16:6: warning: conflicting types for built-in function 'sin' [enabled by default]
configure:4701: $? = 0
configure:4718: result: -lm
configure:4733: checking whether compiler supports builtin atomic incr
configure:4759: cc -o conftest -O2   conftest.c -lm  -lrt >&5
configure:4759: $? = 0
configure:4768: result: yes
configure:4857: checking for cc option to support OpenMP
configure:4872: cc -o conftest -O2   conftest.c -lm  -lrt >&5
conftest.c:12:2: error: unknown type name 'choke'
In file included from conftest.c:14:0:
/usr/lib/gcc/x86_64-redhat-linux/4.6.3/include/omp.h:34:1: error: expected '=', ',', ';', 'asm' or '__attribute__' before 'typedef'
configure:4872: $? = 1
configure: failed program was:
| /* confdefs.h */
| #define PACKAGE_NAME "mtgl"
| #define PACKAGE_TARNAME "mtgl"
| #define PACKAGE_VERSION "1.1.1"
| #define PACKAGE_STRING "mtgl 1.1.1"
| #define PACKAGE_BUGREPORT "gemacke@sandia.gov"
| #define PACKAGE_URL "https://software.sandia.gov/trac/mtgl/wiki"
| #define MTGL_ATOMIC_INCR 1
| /* end confdefs.h.  */
| 
| #ifndef _OPENMP
|  choke me
| #endif
| #include <omp.h>
| int main () { return omp_get_num_threads (); }
| 
configure:4889: cc -o conftest -O2 -fopenmp   conftest.c -lm  -lrt >&5
configure:4889: $? = 0
configure:4903: result: -fopenmp
configure:4932: checking for grep that handles long lines and -e
configure:4990: result: /bin/grep
configure:4995: checking for egrep
configure:5057: result: /bin/grep -E
configure:5062: checking for ANSI C header files
configure:5082: cc -c -O2 -fopenmp  conftest.c >&5
configure:5082: $? = 0
configure:5155: cc -o conftest -O2 -fopenmp   conftest.c -lm  -lrt >&5
configure:5155: $? = 0
configure:5155: ./conftest
configure:5155: $? = 0
configure:5166: result: yes
configure:5179: checking for sys/types.h
configure:5179: cc -c -O2 -fopenmp  conftest.c >&5
configure:5179: $? = 0
configure:5179: result: yes
configure:5179: checking for sys/stat.h
configure:5179: cc -c -O2 -fopenmp  conftest.c >&5
configure:5179: $? = 0
configure:5179: result: yes
configure:5179: checking for stdlib.h
configure:5179: cc -c -O2 -fopenmp  conftest.c >&5
configure:5179: $? = 0
configure:5179: result: yes
configure:5179: checking for string.h
configure:5179: cc -c -O2 -fopenmp  conftest.c >&5
configure:5179: $? = 0
configure:5179: result: yes
configure:5179: checking for memory.h
configure:5179: cc -c -O2 -fopenmp  conftest.c >&5
configure:5179: $? = 0
configure:5179: result: yes
configure:5179: checking for strings.h
configure:5179: cc -c -O2 -fopenmp  conftest.c >&5
configure:5179: $? = 0
configure:5179: result: yes
configure:5179: checking for inttypes.h
configure:5179: cc -c -O2 -fopenmp  conftest.c >&5
configure:5179: $? = 0
configure:5179: result: yes
configure:5179: checking for stdint.h
configure:5179: cc -c -O2 -fopenmp  conftest.c >&5
configure:5179: $? = 0
configure:5179: result: yes
configure:5179: checking for unistd.h
configure:5179: cc -c -O2 -fopenmp  conftest.c >&5
configure:5179: $? = 0
configure:5179: result: yes
configure:5218: checking size of int
configure:5223: cc -o conftest -O2 -fopenmp   conftest.c -lm  -lrt >&5
configure:5223: $? = 0
configure:5223: ./conftest
configure:5223: $? = 0
configure:5237: result: 4
configure:5251: checking size of unsigned
configure:5256: cc -o conftest -O2 -fopenmp   conftest.c -lm  -lrt >&5
configure:5256: $? = 0
configure:5256: ./conftest
configure:5256: $? = 0
configure:5270: result: 4
configure:5284: checking size of long
configure:5289: cc -o conftest -O2 -fopenmp   conftest.c -lm  -lrt >&5
configure:5289: $? = 0
configure:5289: ./conftest
configure:5289: $? = 0
configure:5303: result: 8
configure:5317: checking size of unsigned long
configure:5322: cc -o conftest -O2 -fopenmp   conftest.c -lm  -lrt >&5
configure:5322: $? = 0
configure:5322: ./conftest
configure:5322: $? = 0
configure:5336: result: 8
configure:5350: checking size of long long
configure:5355: cc -o conftest -O2 -fopenmp   conftest.c -lm  -lrt >&5
configure:5355: $? = 0
configure:5355: ./conftest
configure:5355: $? = 0
configure:5369: result: 8
configure:5383: checking size of unsigned long long
configure:5388: cc -o conftest -O2 -fopenmp   conftest.c -lm  -lrt >&5
configure:5388: $? = 0
configure:5388: ./conftest
configure:5388: $? = 0
configure:5402: result: 8
configure:5438: CC=cc
configure:5440: CXX=c++
configure:5442: CPPFLAGS=-I$(top_srcdir) 
configure:5444: CFLAGS=-O2 -fopenmp
configure:5446: CXXFLAGS=-O2 -fopenmp
configure:5448: LDFLAGS=
configure:5450: LIBS=-lm  -lrt
configure:5605: creating ./config.status

## ---------------------- ##
## Running config.status. ##
## ---------------------- ##

This file was extended by mtgl config.status 1.1.1, which was
generated by GNU Autoconf 2.68.  Invocation command line was

  CONFIG_FILES    = 
  CONFIG_HEADERS  = 
  CONFIG_LINKS    = 
  CONFIG_COMMANDS = 
  $ ./config.status 

on pastec.gtri.gatech.edu

config.status:897: creating Makefile
config.status:897: creating mtgl/Makefile
config.status:897: creating test/Makefile
config.status:897: creating tutorial/Makefile
config.status:897: creating mtgl/mtgl_config.h
config.status:1126: executing depfiles commands

## ---------------- ##
## Cache variables. ##
## ---------------- ##

ac_cv_build=x86_64-unknown-linux-gnu
ac_cv_c_compiler_gnu=yes
ac_cv_cxx_compiler_gnu=yes
ac_cv_env_CCC_set=
ac_cv_env_CCC_value=
ac_cv_env_CC_set=
ac_cv_env_CC_value=
ac_cv_env_CFLAGS_set=
ac_cv_env_CFLAGS_value=
ac_cv_env_CPPFLAGS_set=
ac_cv_env_CPPFLAGS_value=
ac_cv_env_CPP_set=
ac_cv_env_CPP_value=
ac_cv_env_CXXFLAGS_set=
ac_cv_env_CXXFLAGS_value=
ac_cv_env_CXX_set=
ac_cv_env_CXX_value=
ac_cv_env_LDFLAGS_set=
ac_cv_env_LDFLAGS_value=
ac_cv_env_LIBS_set=
ac_cv_env_LIBS_value=
ac_cv_env_build_alias_set=
ac_cv_env_build_alias_value=
ac_cv_env_host_alias_set=
ac_cv_env_host_alias_value=
ac_cv_env_target_alias_set=
ac_cv_env_target_alias_value=
ac_cv_header_inttypes_h=yes
ac_cv_header_memory_h=yes
ac_cv_header_stdc=yes
ac_cv_header_stdint_h=yes
ac_cv_header_stdlib_h=yes
ac_cv_header_string_h=yes
ac_cv_header_strings_h=yes
ac_cv_header_sys_stat_h=yes
ac_cv_header_sys_types_h=yes
ac_cv_header_unistd_h=yes
ac_cv_host=x86_64-unknown-linux-gnu
ac_cv_objext=o
ac_cv_path_EGREP='/bin/grep -E'
ac_cv_path_GREP=/bin/grep
ac_cv_path_install='/usr/bin/install -c'
ac_cv_path_mkdir=/bin/mkdir
ac_cv_prog_AWK=gawk
ac_cv_prog_CPP='cc -E'
ac_cv_prog_ac_ct_CC=cc
ac_cv_prog_ac_ct_CXX=c++
ac_cv_prog_c_openmp=-fopenmp
ac_cv_prog_cc_c89=
ac_cv_prog_cc_cc_c_o=yes
ac_cv_prog_cc_g=yes
ac_cv_prog_cxx_g=yes
ac_cv_prog_make_make_set=yes
ac_cv_search_sin=-lm
ac_cv_sizeof_int=4
ac_cv_sizeof_long=8
ac_cv_sizeof_long_long=8
ac_cv_sizeof_unsigned=4
ac_cv_sizeof_unsigned_long=8
ac_cv_sizeof_unsigned_long_long=8
am_cv_CC_dependencies_compiler_type=gcc3
am_cv_CXX_dependencies_compiler_type=gcc3
am_cv_make_support_nested_variables=yes
am_cv_prog_tar_pax=gnutar
mtgl_cv_atomic_incr=yes
mtgl_cv_on_mac=no
mtgl_cv_on_mta=no

## ----------------- ##
## Output variables. ##
## ----------------- ##

ACLOCAL='${SHELL} /home/rmccoll/projects/graphdb-testing/lib/mtgl-1.1.1/config/missing --run aclocal-1.11'
AMDEPBACKSLASH='\'
AMDEP_FALSE='#'
AMDEP_TRUE=''
AMTAR='$${TAR-tar}'
AM_BACKSLASH='\'
AM_DEFAULT_V='$(AM_DEFAULT_VERBOSITY)'
AM_DEFAULT_VERBOSITY='0'
AM_V='$(V)'
AUTOCONF='${SHELL} /home/rmccoll/projects/graphdb-testing/lib/mtgl-1.1.1/config/missing --run autoconf'
AUTOHEADER='${SHELL} /home/rmccoll/projects/graphdb-testing/lib/mtgl-1.1.1/config/missing --run autoheader'
AUTOMAKE='${SHELL} /home/rmccoll/projects/graphdb-testing/lib/mtgl-1.1.1/config/missing --run automake-1.11'
AWK='gawk'
CC='cc'
CCDEPMODE='depmode=gcc3'
CFLAGS='-O2 -fopenmp'
CPP='cc -E'
CPPFLAGS='-I$(top_srcdir) '
CXX='c++'
CXXDEPMODE='depmode=gcc3'
CXXFLAGS='-O2 -fopenmp'
CYGPATH_W='echo'
DEFS='-DHAVE_CONFIG_H'
DEPDIR='.deps'
ECHO_C=''
ECHO_N='-n'
ECHO_T=''
EGREP='/bin/grep -E'
EXEEXT=''
GREP='/bin/grep'
INSTALL_DATA='${INSTALL} -m 644'
INSTALL_PROGRAM='${INSTALL}'
INSTALL_SCRIPT='${INSTALL}'
INSTALL_STRIP_PROGRAM='$(install_sh) -c -s'
LDFLAGS=''
LIBOBJS=''
LIBS='-lm  -lrt'
LN_S='ln -s'
LTLIBOBJS=''
MAKEINFO='${SHELL} /home/rmccoll/projects/graphdb-testing/lib/mtgl-1.1.1/config/missing --run makeinfo'
MKDIR_P='/bin/mkdir -p'
OBJEXT='o'
ON_MAC_FALSE=''
ON_MAC_TRUE='#'
ON_MTA_FALSE=''
ON_MTA_TRUE='#'
OPENMP_CFLAGS='-fopenmp'
PACKAGE='mtgl'
PACKAGE_BUGREPORT='gemacke@sandia.gov'
PACKAGE_NAME='mtgl'
PACKAGE_STRING='mtgl 1.1.1'
PACKAGE_TARNAME='mtgl'
PACKAGE_URL='https://software.sandia.gov/trac/mtgl/wiki'
PACKAGE_VERSION='1.1.1'
PATH_SEPARATOR=':'
SET_MAKE=''
SHELL='/bin/sh'
STRIP=''
VERSION='1.1.1'
WITH_DEBUG_ARRAYBOUNDS_FALSE=''
WITH_DEBUG_ARRAYBOUNDS_TRUE='#'
WITH_TRACEVIEW_FALSE=''
WITH_TRACEVIEW_TRUE='#'
ac_ct_CC='cc'
ac_ct_CXX='c++'
am__EXEEXT_FALSE=''
am__EXEEXT_TRUE='#'
am__fastdepCC_FALSE='#'
am__fastdepCC_TRUE=''
am__fastdepCXX_FALSE='#'
am__fastdepCXX_TRUE=''
am__include='include'
am__isrc=''
am__leading_dot='.'
am__nodep='_no'
am__quote=''
am__tar='tar --format=posix -chf - "$$tardir"'
am__untar='tar -xf -'
bindir='${exec_prefix}/bin'
build='x86_64-unknown-linux-gnu'
build_alias=''
build_cpu='x86_64'
build_os='linux-gnu'
build_vendor='unknown'
datadir='${datarootdir}'
datarootdir='${prefix}/share'
docdir='${datarootdir}/doc/${PACKAGE_TARNAME}'
dvidir='${docdir}'
exec_prefix='${prefix}'
host='x86_64-unknown-linux-gnu'
host_alias=''
host_cpu='x86_64'
host_os='linux-gnu'
host_vendor='unknown'
htmldir='${docdir}'
includedir='${prefix}/include'
infodir='${datarootdir}/info'
install_sh='${SHELL} /home/rmccoll/projects/graphdb-testing/lib/mtgl-1.1.1/config/install-sh'
libdir='${exec_prefix}/lib'
libexecdir='${exec_prefix}/libexec'
localedir='${datarootdir}/locale'
localstatedir='${prefix}/var'
mandir='${datarootdir}/man'
mkdir_p='/bin/mkdir -p'
oldincludedir='/usr/include'
pdfdir='${docdir}'
prefix='/home/rmccoll/projects/graphdb-testing/lib/mtgl/build'
program_transform_name='s,x,x,'
psdir='${docdir}'
sbindir='${exec_prefix}/sbin'
sharedstatedir='${prefix}/com'
sysconfdir='${prefix}/etc'
target_alias=''

## ----------- ##
## confdefs.h. ##
## ----------- ##

/* confdefs.h */
#define PACKAGE_NAME "mtgl"
#define PACKAGE_TARNAME "mtgl"
#define PACKAGE_VERSION "1.1.1"
#define PACKAGE_STRING "mtgl 1.1.1"
#define PACKAGE_BUGREPORT "gemacke@sandia.gov"
#define PACKAGE_URL "https://software.sandia.gov/trac/mtgl/wiki"
#define MTGL_ATOMIC_INCR 1
#define STDC_HEADERS 1
#define HAVE_SYS_TYPES_H 1
#define HAVE_SYS_STAT_H 1
#define HAVE_STDLIB_H 1
#define HAVE_STRING_H 1
#define HAVE_MEMORY_H 1
#define HAVE_STRINGS_H 1
#define HAVE_INTTYPES_H 1
#define HAVE_STDINT_H 1
#define HAVE_UNISTD_H 1
#define SIZEOF_INT 4
#define SIZEOF_UNSIGNED 4
#define SIZEOF_LONG 8
#define SIZEOF_UNSIGNED_LONG 8
#define SIZEOF_LONG_LONG 8
#define SIZEOF_UNSIGNED_LONG_LONG 8

configure: exit 0
